<?xml version="1.0" encoding="UTF-8"?><testsuite errors="0" failures="0" name="com.herokuapp.booker.bookerinfo.BookingCURDTestWithSteps" skipped="0" tests="3" time="4.36" timestamp="2022-01-26T23:18:02.628Z[Europe/London]"><testcase classname="com.herokuapp.booker.bookerinfo.BookingCURDTestWithSteps" name="This will create a new booking"/><testcase classname="com.herokuapp.booker.bookerinfo.BookingCURDTestWithSteps" name="Update the booking information and verify the updated information"/><testcase classname="com.herokuapp.booker.bookerinfo.BookingCURDTestWithSteps" name="Delete the booking and verify if the booking is deleted!"/></testsuite>