<?xml version="1.0" encoding="UTF-8"?><testsuite errors="0" failures="0" name="Testing the Booking functionality" skipped="0" tests="4" time="4.02" timestamp="2022-01-26T23:18:11.812Z[Europe/London]"><testcase name="Verify user should be able to access booking"/><testcase name="Create a new booking and verify that the booking is created"/><testcase name="Update a booking and verify that the booking is updated"/><testcase name="Delete the booking data and verify its deleted from the database"/></testsuite>